2025-09-29 10:50:06,857 INFO o.a.j.u.JMeterUtils: Setting Locale to en_EN
2025-09-29 10:50:06,873 INFO o.a.j.JMeter: Loading user properties from: C:\Users\diana\scoop\apps\jmeter\5.6.3\bin\user.properties
2025-09-29 10:50:06,874 INFO o.a.j.JMeter: Loading system properties from: C:\Users\diana\scoop\apps\jmeter\5.6.3\bin\system.properties
2025-09-29 10:50:06,883 INFO o.a.j.JMeter: Copyright (c) 1998-2024 The Apache Software Foundation
2025-09-29 10:50:06,883 INFO o.a.j.JMeter: Version 5.6.3
2025-09-29 10:50:06,883 INFO o.a.j.JMeter: java.version=24.0.1
2025-09-29 10:50:06,883 INFO o.a.j.JMeter: java.vm.name=Java HotSpot(TM) 64-Bit Server VM
2025-09-29 10:50:06,883 INFO o.a.j.JMeter: os.name=Windows 11
2025-09-29 10:50:06,883 INFO o.a.j.JMeter: os.arch=amd64
2025-09-29 10:50:06,883 INFO o.a.j.JMeter: os.version=10.0
2025-09-29 10:50:06,884 INFO o.a.j.JMeter: file.encoding=UTF-8
2025-09-29 10:50:06,885 INFO o.a.j.JMeter: java.awt.headless=true
2025-09-29 10:50:06,885 INFO o.a.j.JMeter: Max memory     =1073741824
2025-09-29 10:50:06,885 INFO o.a.j.JMeter: Available Processors =12
2025-09-29 10:50:06,896 INFO o.a.j.JMeter: Default Locale=English (EN)
2025-09-29 10:50:06,896 INFO o.a.j.JMeter: JMeter  Locale=English (EN)
2025-09-29 10:50:06,896 INFO o.a.j.JMeter: JMeterHome=C:\Users\diana\scoop\apps\jmeter\5.6.3
2025-09-29 10:50:06,896 INFO o.a.j.JMeter: user.dir  =C:\Users\diana\demo-tm\demo-tm
2025-09-29 10:50:06,897 INFO o.a.j.JMeter: PWD       =C:\Users\diana\demo-tm\demo-tm
2025-09-29 10:50:06,900 INFO o.a.j.JMeter: IP: 192.168.1.242 Name: didi FullName: didi
2025-09-29 10:50:06,909 INFO o.a.j.JMeter: Setting property 'jmeter.reportgenerator.outputdir' to:'C:\Users\diana\demo-tm\demo-tm\report'
2025-09-29 10:50:06,912 INFO o.a.j.s.FileServer: Default base='C:\Users\diana\demo-tm\demo-tm'
2025-09-29 10:50:06,912 INFO o.a.j.s.FileServer: Set new base='C:\Users\diana\demo-tm\demo-tm'
2025-09-29 10:50:07,172 INFO o.a.j.s.SaveService: Testplan (JMX) version: 2.2. Testlog (JTL) version: 2.2
2025-09-29 10:50:07,200 INFO o.a.j.s.SaveService: Using SaveService properties version 5.0
2025-09-29 10:50:07,203 INFO o.a.j.s.SaveService: Using SaveService properties file encoding UTF-8
2025-09-29 10:50:07,206 INFO o.a.j.s.SaveService: Loading file: performance_test.jmx
2025-09-29 10:50:07,255 INFO o.a.j.p.h.s.HTTPSamplerBase: Parser for text/html is org.apache.jmeter.protocol.http.parser.LagartoBasedHtmlParser
2025-09-29 10:50:07,255 INFO o.a.j.p.h.s.HTTPSamplerBase: Parser for application/xhtml+xml is org.apache.jmeter.protocol.http.parser.LagartoBasedHtmlParser
2025-09-29 10:50:07,255 INFO o.a.j.p.h.s.HTTPSamplerBase: Parser for application/xml is org.apache.jmeter.protocol.http.parser.LagartoBasedHtmlParser
2025-09-29 10:50:07,255 INFO o.a.j.p.h.s.HTTPSamplerBase: Parser for text/xml is org.apache.jmeter.protocol.http.parser.LagartoBasedHtmlParser
2025-09-29 10:50:07,255 INFO o.a.j.p.h.s.HTTPSamplerBase: Parser for text/vnd.wap.wml is org.apache.jmeter.protocol.http.parser.RegexpHTMLParser
2025-09-29 10:50:07,255 INFO o.a.j.p.h.s.HTTPSamplerBase: Parser for text/css is org.apache.jmeter.protocol.http.parser.CssParser
2025-09-29 10:50:07,263 INFO o.a.j.JMeter: Creating summariser <summary>
2025-09-29 10:50:07,275 INFO o.a.j.r.d.ReportGenerator: ReportGenerator will use for Parsing the separator: ','
2025-09-29 10:50:07,276 INFO o.a.j.r.d.ReportGenerator: Will generate report at end of test from  results file: results.jtl
2025-09-29 10:50:07,276 INFO o.a.j.r.d.ReportGenerator: Reading report generator properties from: C:\Users\diana\scoop\apps\jmeter\5.6.3\bin\reportgenerator.properties
2025-09-29 10:50:07,277 INFO o.a.j.r.d.ReportGenerator: Merging with JMeter properties
2025-09-29 10:50:07,282 INFO o.a.j.r.c.ReportGeneratorConfiguration: Property 'jmeter.reportgenerator.temp_dir' not found, using default value 'temp' instead.
2025-09-29 10:50:07,284 INFO o.a.j.r.c.ReportGeneratorConfiguration: Property 'jmeter.reportgenerator.apdex_per_transaction' not found, using default value 'null' instead.
2025-09-29 10:50:07,284 INFO o.a.j.r.c.ReportGeneratorConfiguration: apdex_per_transaction is empty, not APDEX per transaction customization
2025-09-29 10:50:07,284 INFO o.a.j.r.c.ReportGeneratorConfiguration: Property 'jmeter.reportgenerator.sample_filter' not found, using default value 'null' instead.
2025-09-29 10:50:07,284 INFO o.a.j.r.c.ReportGeneratorConfiguration: Property 'jmeter.reportgenerator.report_title' not found, using default value 'null' instead.
2025-09-29 10:50:07,284 INFO o.a.j.r.c.ReportGeneratorConfiguration: Property 'jmeter.reportgenerator.start_date' not found, using default value 'null' instead.
2025-09-29 10:50:07,284 INFO o.a.j.r.c.ReportGeneratorConfiguration: Property 'jmeter.reportgenerator.end_date' not found, using default value 'null' instead.
2025-09-29 10:50:07,284 INFO o.a.j.r.c.ReportGeneratorConfiguration: Property 'jmeter.reportgenerator.date_format' not found, using default value 'null' instead.
2025-09-29 10:50:07,285 INFO o.a.j.r.c.ReportGeneratorConfiguration: Will use date range start date: null, end date: null
2025-09-29 10:50:07,288 INFO o.a.j.r.c.ReportGeneratorConfiguration: Property 'jmeter.reportgenerator.graph.totalTPS.exclude_controllers' not found, using default value 'false' instead.
2025-09-29 10:50:07,288 INFO o.a.j.r.c.ReportGeneratorConfiguration: Property 'jmeter.reportgenerator.graph.activeThreadsOverTime.exclude_controllers' not found, using default value 'false' instead.
2025-09-29 10:50:07,288 INFO o.a.j.r.c.ReportGeneratorConfiguration: Property 'jmeter.reportgenerator.graph.timeVsThreads.exclude_controllers' not found, using default value 'false' instead.
2025-09-29 10:50:07,288 INFO o.a.j.r.c.ReportGeneratorConfiguration: Property 'jmeter.reportgenerator.graph.responseTimeDistribution.exclude_controllers' not found, using default value 'false' instead.
2025-09-29 10:50:07,288 INFO o.a.j.r.c.ReportGeneratorConfiguration: Property 'jmeter.reportgenerator.graph.transactionsPerSecond.exclude_controllers' not found, using default value 'false' instead.
2025-09-29 10:50:07,288 INFO o.a.j.r.c.ReportGeneratorConfiguration: Property 'jmeter.reportgenerator.graph.responseTimePercentiles.exclude_controllers' not found, using default value 'false' instead.
2025-09-29 10:50:07,288 INFO o.a.j.r.c.ReportGeneratorConfiguration: Property 'jmeter.reportgenerator.graph.responseTimePercentilesOverTime.exclude_controllers' not found, using default value 'false' instead.
2025-09-29 10:50:07,288 INFO o.a.j.r.c.ReportGeneratorConfiguration: Property 'jmeter.reportgenerator.graph.responseTimesOverTime.exclude_controllers' not found, using default value 'false' instead.
2025-09-29 10:50:07,289 INFO o.a.j.r.c.ReportGeneratorConfiguration: Property 'jmeter.reportgenerator.graph.connectTimeOverTime.exclude_controllers' not found, using default value 'false' instead.
2025-09-29 10:50:07,289 INFO o.a.j.r.c.ReportGeneratorConfiguration: Property 'jmeter.reportgenerator.graph.latenciesOverTime.exclude_controllers' not found, using default value 'false' instead.
2025-09-29 10:50:07,290 INFO o.a.j.r.c.ReportGeneratorConfiguration: Property 'jmeter.reportgenerator.exporter.json.filters_only_sample_series' not found, using default value 'true' instead.
2025-09-29 10:50:07,290 INFO o.a.j.r.c.ReportGeneratorConfiguration: Property 'jmeter.reportgenerator.exporter.json.series_filter' not found, using default value '' instead.
2025-09-29 10:50:07,290 INFO o.a.j.r.c.ReportGeneratorConfiguration: Property 'jmeter.reportgenerator.exporter.json.show_controllers_only' not found, using default value 'false' instead.
2025-09-29 10:50:07,290 INFO o.a.j.r.c.ReportGeneratorConfiguration: Property 'jmeter.reportgenerator.exporter.html.filters_only_sample_series' not found, using default value 'true' instead.
2025-09-29 10:50:07,290 INFO o.a.j.r.c.ReportGeneratorConfiguration: Property 'jmeter.reportgenerator.exporter.html.series_filter' not found, using default value '' instead.
2025-09-29 10:50:07,290 INFO o.a.j.r.c.ReportGeneratorConfiguration: Property 'jmeter.reportgenerator.exporter.html.show_controllers_only' not found, using default value 'false' instead.
2025-09-29 10:50:07,308 INFO o.a.j.e.StandardJMeterEngine: Running the test!
2025-09-29 10:50:07,310 INFO o.a.j.s.SampleEvent: List of sample_variables: []
2025-09-29 10:50:07,310 INFO o.a.j.s.SampleEvent: List of sample_variables: []
2025-09-29 10:50:07,314 INFO o.a.j.e.u.CompoundVariable: Note: Function class names must contain the string: '.functions.'
2025-09-29 10:50:07,314 INFO o.a.j.e.u.CompoundVariable: Note: Function class names must not contain the string: '.gui.'
2025-09-29 10:50:07,406 INFO o.a.j.JMeter: Running test (1759132207406)
2025-09-29 10:50:07,426 INFO o.a.j.e.StandardJMeterEngine: Starting ThreadGroup: 1 : Users Load
2025-09-29 10:50:07,426 INFO o.a.j.e.StandardJMeterEngine: Starting 2 threads for group Users Load.
2025-09-29 10:50:07,426 INFO o.a.j.e.StandardJMeterEngine: Thread will continue on error
2025-09-29 10:50:07,426 INFO o.a.j.t.ThreadGroup: Starting thread group... number=1 threads=2 ramp-up=2 delayedStart=false
2025-09-29 10:50:07,432 INFO o.a.j.t.ThreadGroup: Started thread group number 1
2025-09-29 10:50:07,432 INFO o.a.j.e.StandardJMeterEngine: All thread groups have been started
2025-09-29 10:50:07,436 INFO o.a.j.t.JMeterThread: Thread started: Users Load 1-1
2025-09-29 10:50:07,455 INFO o.a.j.p.h.s.HTTPHCAbstractImpl: Local host = didi
2025-09-29 10:50:07,460 INFO o.a.j.p.h.s.HTTPHC4Impl: HTTP request retry count = 0
2025-09-29 10:50:07,461 INFO o.a.j.s.SampleResult: Note: Sample TimeStamps are START times
2025-09-29 10:50:07,462 INFO o.a.j.s.SampleResult: sampleresult.default.encoding is set to UTF-8
2025-09-29 10:50:07,462 INFO o.a.j.s.SampleResult: sampleresult.useNanoTime=true
2025-09-29 10:50:07,462 INFO o.a.j.s.SampleResult: sampleresult.nanoThreadSleep=5000
2025-09-29 10:50:07,547 INFO o.a.j.p.h.s.h.LazyLayeredConnectionSocketFactory: Setting up HTTPS TrustAll Socket Factory
2025-09-29 10:50:07,553 INFO o.a.j.u.JsseSSLManager: Using default SSL protocol: TLS
2025-09-29 10:50:07,553 INFO o.a.j.u.JsseSSLManager: SSL session context: per-thread
2025-09-29 10:50:07,631 INFO o.a.j.u.SSLManager: JmeterKeyStore Location:  type JKS
2025-09-29 10:50:07,636 INFO o.a.j.u.SSLManager: KeyStore created OK
2025-09-29 10:50:07,636 WARN o.a.j.u.SSLManager: Keystore file not found, loading empty keystore
2025-09-29 10:50:08,175 INFO o.a.j.t.JMeterThread: Thread is done: Users Load 1-1
2025-09-29 10:50:08,176 INFO o.a.j.t.JMeterThread: Thread finished: Users Load 1-1
2025-09-29 10:50:08,430 INFO o.a.j.t.JMeterThread: Thread started: Users Load 1-2
2025-09-29 10:50:08,679 INFO o.a.j.t.JMeterThread: Thread is done: Users Load 1-2
2025-09-29 10:50:08,680 INFO o.a.j.t.JMeterThread: Thread finished: Users Load 1-2
2025-09-29 10:50:08,680 INFO o.a.j.e.StandardJMeterEngine: Notifying test listeners of end of test
2025-09-29 10:50:08,682 INFO o.a.j.r.Summariser: summary =     10 in 00:00:01 =    7.8/s Avg:    88 Min:    24 Max:   404 Err:     0 (0.00%)
2025-09-29 10:50:08,683 INFO o.a.j.JMeter: Generating Dashboard
2025-09-29 10:50:08,683 INFO o.a.j.r.d.ReportGenerator: Flushing result collector before report Generation
2025-09-29 10:50:08,697 INFO o.a.j.r.p.NormalizerSampleConsumer: Using format, 'ms', to parse timeStamp field
2025-09-29 10:50:08,769 INFO o.a.j.r.p.AbstractSampleConsumer: class org.apache.jmeter.report.processor.AggregateConsumer#stopProducing(): beginDate produced 0 samples
2025-09-29 10:50:08,769 INFO o.a.j.r.p.AbstractSampleConsumer: class org.apache.jmeter.report.processor.AggregateConsumer#stopProducing(): endDate produced 0 samples
2025-09-29 10:50:08,772 INFO o.a.j.r.p.AbstractSampleConsumer: class org.apache.jmeter.report.processor.ApdexSummaryConsumer#stopProducing(): apdexSummary produced 0 samples
2025-09-29 10:50:08,773 INFO o.a.j.r.p.AbstractSampleConsumer: class org.apache.jmeter.report.processor.RequestsSummaryConsumer#stopProducing(): requestsSummary produced 0 samples
2025-09-29 10:50:08,780 INFO o.a.j.r.p.AbstractSampleConsumer: class org.apache.jmeter.report.processor.StatisticsSummaryConsumer#stopProducing(): statisticsSummary produced 0 samples
2025-09-29 10:50:08,783 INFO o.a.j.r.p.AbstractSampleConsumer: class org.apache.jmeter.report.processor.Top5ErrorsBySamplerConsumer#stopProducing(): top5ErrorsBySampler produced 0 samples
2025-09-29 10:50:08,783 INFO o.a.j.r.p.AbstractSampleConsumer: class org.apache.jmeter.report.processor.ErrorsSummaryConsumer#stopProducing(): errorsSummary produced 0 samples
2025-09-29 10:50:08,783 INFO o.a.j.r.p.AbstractSampleConsumer: class org.apache.jmeter.report.processor.graph.impl.HitsPerSecondGraphConsumer#stopProducing(): hitsPerSecond produced 0 samples
2025-09-29 10:50:08,799 INFO o.a.j.r.p.AbstractSampleConsumer: class org.apache.jmeter.report.processor.graph.impl.LatencyVSRequestGraphConsumer#stopProducing(): latencyVsRequest produced 0 samples
2025-09-29 10:50:08,800 INFO o.a.j.r.p.AbstractSampleConsumer: class org.apache.jmeter.report.processor.graph.impl.SyntheticResponseTimeDistributionGraphConsumer#stopProducing(): syntheticResponseTimeDistribution produced 0 samples
2025-09-29 10:50:08,800 INFO o.a.j.r.p.AbstractSampleConsumer: class org.apache.jmeter.report.processor.graph.impl.BytesThroughputGraphConsumer#stopProducing(): bytesThroughputOverTime produced 0 samples
2025-09-29 10:50:08,800 INFO o.a.j.r.p.AbstractSampleConsumer: class org.apache.jmeter.report.processor.graph.impl.CodesPerSecondGraphConsumer#stopProducing(): codesPerSecond produced 0 samples
2025-09-29 10:50:08,803 INFO o.a.j.r.p.AbstractSampleConsumer: class org.apache.jmeter.report.processor.graph.impl.ResponseTimeVSRequestGraphConsumer#stopProducing(): responseTimeVsRequest produced 0 samples
2025-09-29 10:50:08,803 INFO o.a.j.r.p.AbstractSampleConsumer: class org.apache.jmeter.report.processor.FilterConsumer#stopProducing(): startIntervalControlerFilter produced 70 samples
2025-09-29 10:50:08,803 INFO o.a.j.r.p.AbstractSampleConsumer: class org.apache.jmeter.report.processor.graph.impl.TotalTPSGraphConsumer#stopProducing(): totalTPS produced 0 samples
2025-09-29 10:50:08,804 INFO o.a.j.r.p.AbstractSampleConsumer: class org.apache.jmeter.report.processor.graph.impl.ActiveThreadsGraphConsumer#stopProducing(): activeThreadsOverTime produced 0 samples
2025-09-29 10:50:08,804 INFO o.a.j.r.p.AbstractSampleConsumer: class org.apache.jmeter.report.processor.graph.impl.TimeVSThreadGraphConsumer#stopProducing(): timeVsThreads produced 0 samples
2025-09-29 10:50:08,804 INFO o.a.j.r.p.AbstractSampleConsumer: class org.apache.jmeter.report.processor.graph.impl.ResponseTimeDistributionGraphConsumer#stopProducing(): responseTimeDistribution produced 0 samples
2025-09-29 10:50:08,804 INFO o.a.j.r.p.AbstractSampleConsumer: class org.apache.jmeter.report.processor.graph.impl.TransactionsPerSecondGraphConsumer#stopProducing(): transactionsPerSecond produced 0 samples
2025-09-29 10:50:08,804 INFO o.a.j.r.p.AbstractSampleConsumer: class org.apache.jmeter.report.processor.graph.impl.ResponseTimePercentilesGraphConsumer#stopProducing(): responseTimePercentiles produced 0 samples
2025-09-29 10:50:08,804 INFO o.a.j.r.p.AbstractSampleConsumer: class org.apache.jmeter.report.processor.graph.impl.ResponseTimePercentilesOverTimeGraphConsumer#stopProducing(): responseTimePercentilesOverTime produced 0 samples
2025-09-29 10:50:08,804 INFO o.a.j.r.p.AbstractSampleConsumer: class org.apache.jmeter.report.processor.graph.impl.ResponseTimeOverTimeGraphConsumer#stopProducing(): responseTimesOverTime produced 0 samples
2025-09-29 10:50:08,804 INFO o.a.j.r.p.AbstractSampleConsumer: class org.apache.jmeter.report.processor.graph.impl.ConnectTimeOverTimeGraphConsumer#stopProducing(): connectTimeOverTime produced 0 samples
2025-09-29 10:50:08,804 INFO o.a.j.r.p.AbstractSampleConsumer: class org.apache.jmeter.report.processor.graph.impl.LatencyOverTimeGraphConsumer#stopProducing(): latenciesOverTime produced 0 samples
2025-09-29 10:50:08,804 INFO o.a.j.r.p.AbstractSampleConsumer: class org.apache.jmeter.report.processor.FilterConsumer#stopProducing(): nameFilter produced 150 samples
2025-09-29 10:50:08,805 INFO o.a.j.r.p.AbstractSampleConsumer: class org.apache.jmeter.report.processor.FilterConsumer#stopProducing(): dateRangeFilter produced 30 samples
2025-09-29 10:50:08,805 INFO o.a.j.r.p.AbstractSampleConsumer: class org.apache.jmeter.report.processor.NormalizerSampleConsumer#stopProducing(): normalizer produced 10 samples
2025-09-29 10:50:08,805 INFO o.a.j.r.p.CsvFileSampleSource: produce(): 10 samples produced in 75ms on channel 0
2025-09-29 10:50:08,805 INFO o.a.j.r.d.ReportGenerator: Exporting data using exporter:'json' of className:'org.apache.jmeter.report.dashboard.JsonExporter'
2025-09-29 10:50:08,886 INFO o.a.j.r.d.JsonExporter: Found data for consumer statisticsSummary in context
2025-09-29 10:50:08,886 INFO o.a.j.r.d.JsonExporter: Creating statistics for overall
2025-09-29 10:50:08,887 INFO o.a.j.r.d.JsonExporter: Creating statistics for other transactions
2025-09-29 10:50:08,887 INFO o.a.j.r.d.JsonExporter: Checking output folder
2025-09-29 10:50:08,888 INFO o.a.j.r.d.JsonExporter: Writing statistics JSON to C:\Users\diana\demo-tm\demo-tm\report\statistics.json
2025-09-29 10:50:08,928 INFO o.a.j.r.d.ReportGenerator: Exporting data using exporter:'html' of className:'org.apache.jmeter.report.dashboard.HtmlTemplateExporter'
2025-09-29 10:50:08,930 INFO o.a.j.r.d.HtmlTemplateExporter: Will generate dashboard in folder: C:\Users\diana\demo-tm\demo-tm\report
2025-09-29 10:50:09,027 INFO o.a.j.r.d.HtmlTemplateExporter: Report will be generated in: C:\Users\diana\demo-tm\demo-tm\report, creating folder structure
2025-09-29 10:50:09,030 INFO o.a.j.r.d.TemplateVisitor: Copying folder from 'C:\Users\diana\scoop\apps\jmeter\5.6.3\bin\report-template' to 'C:\Users\diana\demo-tm\demo-tm\report', got message: C:\Users\diana\demo-tm\demo-tm\report, found non empty folder with following content [C:\Users\diana\demo-tm\demo-tm\report\statistics.json], will be ignored
2025-09-29 10:50:09,565 INFO o.a.j.JMeter: Dashboard generated
